<?xml version="1.0" encoding="UTF-8"?>
<!-- Generated by org.testng.reporters.JUnitReportReporter -->
<testsuite hostname="user-PC" failures="0" tests="4" name="com.testng.PriorityTest" time="0.052" errors="0" timestamp="2023-08-08T00:50:46 IST" skipped="0">
  <testcase classname="com.testng.PriorityTest" name="url" time="0.025"/>
  <system-out/>
  <testcase classname="com.testng.PriorityTest" name="username" time="0.007"/>
  <system-out/>
  <testcase classname="com.testng.PriorityTest" name="password" time="0.005"/>
  <system-out/>
  <testcase classname="com.testng.PriorityTest" name="login" time="0.015"/>
  <system-out/>
</testsuite> <!-- com.testng.PriorityTest -->
