<?xml version="1.0" encoding="UTF-8"?>
<!-- Generated by org.testng.reporters.JUnitReportReporter -->
<testsuite hostname="user-PC" failures="0" tests="5" name="com.testng.IgnoreTest" time="0.047" errors="0" timestamp="2023-08-05T12:11:42 IST" skipped="2">
  <testcase classname="com.testng.IgnoreTest" name="fashion" time="0.034"/>
  <system-out/>
  <testcase classname="com.testng.IgnoreTest" name="flights" time="0.006"/>
  <system-out/>
  <testcase classname="com.testng.IgnoreTest" name="furniture" time="0.007"/>
  <system-out/>
  <testcase classname="com.testng.IgnoreTest" name="beauty">
    <skipped/>
  </testcase> <!-- beauty -->
  <system-out/>
  <testcase classname="com.testng.IgnoreTest" name="grocery">
    <skipped/>
  </testcase> <!-- grocery -->
  <system-out/>
</testsuite> <!-- com.testng.IgnoreTest -->
